This file contains any messages produced by compilers while
running configure, to aid debugging if configure makes a mistake.

It was created by FreeType configure 2.4.11, which was
generated by GNU Autoconf 2.69.  Invocation command line was

  $ ./configure 

## --------- ##
## Platform. ##
## --------- ##

hostname = canttouchthis
uname -m = i686
uname -r = 3.5.0-23-generic
uname -s = Linux
uname -v = #35-Ubuntu SMP Thu Jan 24 13:05:29 UTC 2013

/usr/bin/uname -p = unknown
/bin/uname -X     = unknown

/bin/arch              = unknown
/usr/bin/arch -k       = unknown
/usr/convex/getsysinfo = unknown
/usr/bin/hostinfo      = unknown
/bin/machine           = unknown
/usr/bin/oslevel       = unknown
/bin/universe          = unknown

PATH: /home/manuel/lib/emscripten/
PATH: /var/lib/gems/1.8/bin
PATH: /home/manuel/bin
PATH: /usr/lib/lightdm/lightdm
PATH: /usr/local/sbin
PATH: /usr/local/bin
PATH: /usr/sbin
PATH: /usr/bin
PATH: /sbin
PATH: /bin
PATH: /usr/games
PATH: /usr/local/games


## ----------- ##
## Core tests. ##
## ----------- ##

configure:2480: checking build system type
configure:2494: result: i686-pc-linux-gnu
configure:2514: checking host system type
configure:2527: result: i686-pc-linux-gnu
configure:2599: checking for gcc
configure:2626: result: /home/manuel/lib/emscripten/emcc
configure:2855: checking for C compiler version
configure:2864: /home/manuel/lib/emscripten/emcc --version >&5
emcc (Emscripten GCC-like replacement) 2.0
Copyright (C) 2012 the Emscripten authors.
This is free and open source software under the MIT license.
There is NO warranty; not even for MERCHANTABILITY or FITNESS FOR A PARTICULAR PURPOSE.
  
configure:2875: $? = 0
configure:2864: /home/manuel/lib/emscripten/emcc -v >&5
emcc (Emscripten GCC-like replacement + linker emulating GNU ld ) 2.0
clang version 3.2 (tags/RELEASE_32/final)
Target: i386-pc-linux-gnu
Thread model: posix
configure:2875: $? = 0
configure:2864: /home/manuel/lib/emscripten/emcc -V >&5
clang: error: unsupported option '-V -nostdinc'
clang: error: no input files
configure:2875: $? = 1
configure:2864: /home/manuel/lib/emscripten/emcc -qversion >&5
clang: error: no input files
configure:2875: $? = 1
configure:2895: checking whether the C compiler works
configure:2917: /home/manuel/lib/emscripten/emcc    conftest.c  >&5
configure:2921: $? = 0
configure:2969: result: yes
configure:2972: checking for C compiler default output file name
configure:2974: result: a.out
configure:2980: checking for suffix of executables
configure:2987: /home/manuel/lib/emscripten/emcc -o conftest    conftest.c  >&5
configure:2991: $? = 0
configure:3013: result: 
configure:3035: checking whether we are cross compiling
configure:3043: /home/manuel/lib/emscripten/emcc -o conftest    conftest.c  >&5
configure:3047: $? = 0
configure:3054: ./conftest
configure:3058: $? = 0
configure:3073: result: no
configure:3078: checking for suffix of object files
configure:3100: /home/manuel/lib/emscripten/emcc -c   conftest.c >&5
configure:3104: $? = 0
configure:3125: result: o
configure:3129: checking whether we are using the GNU C compiler
configure:3148: /home/manuel/lib/emscripten/emcc -c   conftest.c >&5
configure:3148: $? = 0
configure:3157: result: yes
configure:3166: checking whether /home/manuel/lib/emscripten/emcc accepts -g
configure:3186: /home/manuel/lib/emscripten/emcc -c -g  conftest.c >&5
configure:3186: $? = 0
configure:3227: result: yes
configure:3244: checking for /home/manuel/lib/emscripten/emcc option to accept ISO C89
configure:3307: /home/manuel/lib/emscripten/emcc  -c   conftest.c >&5
configure:3307: $? = 0
configure:3320: result: none needed
configure:3345: checking how to run the C preprocessor
configure:3376: /home/manuel/lib/emscripten/emcc -E  conftest.c
configure:3376: $? = 0
configure:3390: /home/manuel/lib/emscripten/emcc -E  conftest.c
conftest.c:9:10: fatal error: 'ac_nonexistent.h' file not found
#include <ac_nonexistent.h>
         ^
1 error generated.
configure:3390: $? = 1
configure: failed program was:
| /* confdefs.h */
| #define PACKAGE_NAME "FreeType"
| #define PACKAGE_TARNAME "freetype"
| #define PACKAGE_VERSION "2.4.11"
| #define PACKAGE_STRING "FreeType 2.4.11"
| #define PACKAGE_BUGREPORT "freetype@nongnu.org"
| #define PACKAGE_URL ""
| /* end confdefs.h.  */
| #include <ac_nonexistent.h>
configure:3415: result: /home/manuel/lib/emscripten/emcc -E
configure:3435: /home/manuel/lib/emscripten/emcc -E  conftest.c
configure:3435: $? = 0
configure:3449: /home/manuel/lib/emscripten/emcc -E  conftest.c
conftest.c:9:10: fatal error: 'ac_nonexistent.h' file not found
#include <ac_nonexistent.h>
         ^
1 error generated.
configure:3449: $? = 1
configure: failed program was:
| /* confdefs.h */
| #define PACKAGE_NAME "FreeType"
| #define PACKAGE_TARNAME "freetype"
| #define PACKAGE_VERSION "2.4.11"
| #define PACKAGE_STRING "FreeType 2.4.11"
| #define PACKAGE_BUGREPORT "freetype@nongnu.org"
| #define PACKAGE_URL ""
| /* end confdefs.h.  */
| #include <ac_nonexistent.h>
configure:3642: checking for rmdir
configure:3658: found /bin/rmdir
configure:3669: result: rmdir
configure:3697: checking for a BSD-compatible install
configure:3765: result: /usr/bin/install -c
configure:3789: checking for grep that handles long lines and -e
configure:3847: result: /bin/grep
configure:3852: checking for egrep
configure:3914: result: /bin/grep -E
configure:3919: checking for ANSI C header files
configure:3939: /home/manuel/lib/emscripten/emcc -c   conftest.c >&5
configure:3939: $? = 0
configure:4012: /home/manuel/lib/emscripten/emcc -o conftest    conftest.c  >&5
configure:4012: $? = 0
configure:4012: ./conftest
configure:4012: $? = 0
configure:4023: result: yes
configure:4036: checking for sys/types.h
configure:4036: /home/manuel/lib/emscripten/emcc -c   conftest.c >&5
configure:4036: $? = 0
configure:4036: result: yes
configure:4036: checking for sys/stat.h
configure:4036: /home/manuel/lib/emscripten/emcc -c   conftest.c >&5
configure:4036: $? = 0
configure:4036: result: yes
configure:4036: checking for stdlib.h
configure:4036: /home/manuel/lib/emscripten/emcc -c   conftest.c >&5
configure:4036: $? = 0
configure:4036: result: yes
configure:4036: checking for string.h
configure:4036: /home/manuel/lib/emscripten/emcc -c   conftest.c >&5
configure:4036: $? = 0
configure:4036: result: yes
configure:4036: checking for memory.h
configure:4036: /home/manuel/lib/emscripten/emcc -c   conftest.c >&5
configure:4036: $? = 0
configure:4036: result: yes
configure:4036: checking for strings.h
configure:4036: /home/manuel/lib/emscripten/emcc -c   conftest.c >&5
configure:4036: $? = 0
configure:4036: result: yes
configure:4036: checking for inttypes.h
configure:4036: /home/manuel/lib/emscripten/emcc -c   conftest.c >&5
configure:4036: $? = 0
configure:4036: result: yes
configure:4036: checking for stdint.h
configure:4036: /home/manuel/lib/emscripten/emcc -c   conftest.c >&5
configure:4036: $? = 0
configure:4036: result: yes
configure:4036: checking for unistd.h
configure:4036: /home/manuel/lib/emscripten/emcc -c   conftest.c >&5
configure:4036: $? = 0
configure:4036: result: yes
configure:4051: checking fcntl.h usability
configure:4051: /home/manuel/lib/emscripten/emcc -c   conftest.c >&5
configure:4051: $? = 0
configure:4051: result: yes
configure:4051: checking fcntl.h presence
configure:4051: /home/manuel/lib/emscripten/emcc -E  conftest.c
configure:4051: $? = 0
configure:4051: result: yes
configure:4051: checking for fcntl.h
configure:4051: result: yes
configure:4051: checking for unistd.h
configure:4051: result: yes
configure:4065: checking for an ANSI C-conforming const
configure:4131: /home/manuel/lib/emscripten/emcc -c   conftest.c >&5
configure:4131: $? = 0
configure:4138: result: yes
configure:4150: checking size of int
configure:4155: /home/manuel/lib/emscripten/emcc -o conftest    conftest.c  >&5
configure:4155: $? = 0
configure:4155: ./conftest
configure:4155: $? = 0
configure:4169: result: 4
configure:4183: checking size of long
configure:4188: /home/manuel/lib/emscripten/emcc -o conftest    conftest.c  >&5
configure:4188: $? = 0
configure:4188: ./conftest
configure:4188: $? = 0
configure:4202: result: 4
configure:4216: checking whether cpp computation of bit length in ftconfig.in works
configure:4273: result: yes
configure:4311: checking for stdlib.h
configure:4311: result: yes
configure:4311: checking for unistd.h
configure:4311: result: yes
configure:4311: checking for sys/param.h
configure:4311: /home/manuel/lib/emscripten/emcc -c   conftest.c >&5
configure:4311: $? = 0
configure:4311: result: yes
configure:4331: checking for getpagesize
configure:4331: /home/manuel/lib/emscripten/emcc -o conftest    conftest.c  >&5
configure:4331: $? = 0
configure:4331: result: yes
configure:4340: checking for working mmap
configure:4487: /home/manuel/lib/emscripten/emcc -o conftest    conftest.c  >&5
configure:4487: $? = 0
configure:4487: ./conftest
configure:4487: $? = 4
configure: program exited with status 4
configure: failed program was:
| /* confdefs.h */
| #define PACKAGE_NAME "FreeType"
| #define PACKAGE_TARNAME "freetype"
| #define PACKAGE_VERSION "2.4.11"
| #define PACKAGE_STRING "FreeType 2.4.11"
| #define PACKAGE_BUGREPORT "freetype@nongnu.org"
| #define PACKAGE_URL ""
| #define STDC_HEADERS 1
| #define HAVE_SYS_TYPES_H 1
| #define HAVE_SYS_STAT_H 1
| #define HAVE_STDLIB_H 1
| #define HAVE_STRING_H 1
| #define HAVE_MEMORY_H 1
| #define HAVE_STRINGS_H 1
| #define HAVE_INTTYPES_H 1
| #define HAVE_STDINT_H 1
| #define HAVE_UNISTD_H 1
| #define HAVE_FCNTL_H 1
| #define HAVE_UNISTD_H 1
| #define SIZEOF_INT 4
| #define SIZEOF_LONG 4
| #define HAVE_STDLIB_H 1
| #define HAVE_UNISTD_H 1
| #define HAVE_SYS_PARAM_H 1
| #define HAVE_GETPAGESIZE 1
| /* end confdefs.h.  */
| #include <stdio.h>
| #ifdef HAVE_SYS_TYPES_H
| # include <sys/types.h>
| #endif
| #ifdef HAVE_SYS_STAT_H
| # include <sys/stat.h>
| #endif
| #ifdef STDC_HEADERS
| # include <stdlib.h>
| # include <stddef.h>
| #else
| # ifdef HAVE_STDLIB_H
| #  include <stdlib.h>
| # endif
| #endif
| #ifdef HAVE_STRING_H
| # if !defined STDC_HEADERS && defined HAVE_MEMORY_H
| #  include <memory.h>
| # endif
| # include <string.h>
| #endif
| #ifdef HAVE_STRINGS_H
| # include <strings.h>
| #endif
| #ifdef HAVE_INTTYPES_H
| # include <inttypes.h>
| #endif
| #ifdef HAVE_STDINT_H
| # include <stdint.h>
| #endif
| #ifdef HAVE_UNISTD_H
| # include <unistd.h>
| #endif
| /* malloc might have been renamed as rpl_malloc. */
| #undef malloc
| 
| /* Thanks to Mike Haertel and Jim Avera for this test.
|    Here is a matrix of mmap possibilities:
| 	mmap private not fixed
| 	mmap private fixed at somewhere currently unmapped
| 	mmap private fixed at somewhere already mapped
| 	mmap shared not fixed
| 	mmap shared fixed at somewhere currently unmapped
| 	mmap shared fixed at somewhere already mapped
|    For private mappings, we should verify that changes cannot be read()
|    back from the file, nor mmap's back from the file at a different
|    address.  (There have been systems where private was not correctly
|    implemented like the infamous i386 svr4.0, and systems where the
|    VM page cache was not coherent with the file system buffer cache
|    like early versions of FreeBSD and possibly contemporary NetBSD.)
|    For shared mappings, we should conversely verify that changes get
|    propagated back to all the places they're supposed to be.
| 
|    Grep wants private fixed already mapped.
|    The main things grep needs to know about mmap are:
|    * does it exist and is it safe to write into the mmap'd area
|    * how to use it (BSD variants)  */
| 
| #include <fcntl.h>
| #include <sys/mman.h>
| 
| #if !defined STDC_HEADERS && !defined HAVE_STDLIB_H
| char *malloc ();
| #endif
| 
| /* This mess was copied from the GNU getpagesize.h.  */
| #ifndef HAVE_GETPAGESIZE
| # ifdef _SC_PAGESIZE
| #  define getpagesize() sysconf(_SC_PAGESIZE)
| # else /* no _SC_PAGESIZE */
| #  ifdef HAVE_SYS_PARAM_H
| #   include <sys/param.h>
| #   ifdef EXEC_PAGESIZE
| #    define getpagesize() EXEC_PAGESIZE
| #   else /* no EXEC_PAGESIZE */
| #    ifdef NBPG
| #     define getpagesize() NBPG * CLSIZE
| #     ifndef CLSIZE
| #      define CLSIZE 1
| #     endif /* no CLSIZE */
| #    else /* no NBPG */
| #     ifdef NBPC
| #      define getpagesize() NBPC
| #     else /* no NBPC */
| #      ifdef PAGESIZE
| #       define getpagesize() PAGESIZE
| #      endif /* PAGESIZE */
| #     endif /* no NBPC */
| #    endif /* no NBPG */
| #   endif /* no EXEC_PAGESIZE */
| #  else /* no HAVE_SYS_PARAM_H */
| #   define getpagesize() 8192	/* punt totally */
| #  endif /* no HAVE_SYS_PARAM_H */
| # endif /* no _SC_PAGESIZE */
| 
| #endif /* no HAVE_GETPAGESIZE */
| 
| int
| main ()
| {
|   char *data, *data2, *data3;
|   const char *cdata2;
|   int i, pagesize;
|   int fd, fd2;
| 
|   pagesize = getpagesize ();
| 
|   /* First, make a file with some known garbage in it. */
|   data = (char *) malloc (pagesize);
|   if (!data)
|     return 1;
|   for (i = 0; i < pagesize; ++i)
|     *(data + i) = rand ();
|   umask (0);
|   fd = creat ("conftest.mmap", 0600);
|   if (fd < 0)
|     return 2;
|   if (write (fd, data, pagesize) != pagesize)
|     return 3;
|   close (fd);
| 
|   /* Next, check that the tail of a page is zero-filled.  File must have
|      non-zero length, otherwise we risk SIGBUS for entire page.  */
|   fd2 = open ("conftest.txt", O_RDWR | O_CREAT | O_TRUNC, 0600);
|   if (fd2 < 0)
|     return 4;
|   cdata2 = "";
|   if (write (fd2, cdata2, 1) != 1)
|     return 5;
|   data2 = (char *) mmap (0, pagesize, PROT_READ | PROT_WRITE, MAP_SHARED, fd2, 0L);
|   if (data2 == MAP_FAILED)
|     return 6;
|   for (i = 0; i < pagesize; ++i)
|     if (*(data2 + i))
|       return 7;
|   close (fd2);
|   if (munmap (data2, pagesize))
|     return 8;
| 
|   /* Next, try to mmap the file at a fixed address which already has
|      something else allocated at it.  If we can, also make sure that
|      we see the same garbage.  */
|   fd = open ("conftest.mmap", O_RDWR);
|   if (fd < 0)
|     return 9;
|   if (data2 != mmap (data2, pagesize, PROT_READ | PROT_WRITE,
| 		     MAP_PRIVATE | MAP_FIXED, fd, 0L))
|     return 10;
|   for (i = 0; i < pagesize; ++i)
|     if (*(data + i) != *(data2 + i))
|       return 11;
| 
|   /* Finally, make sure that changes to the mapped area do not
|      percolate back to the file as seen by read().  (This is a bug on
|      some variants of i386 svr4.0.)  */
|   for (i = 0; i < pagesize; ++i)
|     *(data2 + i) = *(data2 + i) + 1;
|   data3 = (char *) malloc (pagesize);
|   if (!data3)
|     return 12;
|   if (read (fd, data3, pagesize) != pagesize)
|     return 13;
|   for (i = 0; i < pagesize; ++i)
|     if (*(data + i) != *(data3 + i))
|       return 14;
|   close (fd);
|   return 0;
| }
configure:4497: result: no
configure:4565: checking for memcpy
configure:4565: /home/manuel/lib/emscripten/emcc -o conftest    conftest.c  >&5
conftest.c:50:6: warning: incompatible redeclaration of library function 'memcpy'
char memcpy ();
     ^
conftest.c:50:6: note: 'memcpy' is a builtin with type 'void *(void *, const void *, unsigned int)'
1 warning generated.
configure:4565: $? = 0
configure:4565: result: yes
configure:4565: checking for memmove
configure:4565: /home/manuel/lib/emscripten/emcc -o conftest    conftest.c  >&5
conftest.c:51:6: warning: incompatible redeclaration of library function 'memmove'
char memmove ();
     ^
conftest.c:51:6: note: 'memmove' is a builtin with type 'void *(void *, const void *, unsigned int)'
1 warning generated.
configure:4565: $? = 0
configure:4565: result: yes
configure:4588: checking gcc compiler flag -pedantic to assure ANSI C works correctly
configure:4605: /home/manuel/lib/emscripten/emcc -c   -pedantic  conftest.c >&5
configure:4605: $? = 0
configure:4607: result: ok, add it to XX_ANSIFLAGS
configure:4588: checking gcc compiler flag -ansi to assure ANSI C works correctly
configure:4605: /home/manuel/lib/emscripten/emcc -c   -pedantic -ansi  conftest.c >&5
configure:4605: $? = 0
configure:4607: result: ok, add it to XX_ANSIFLAGS
configure:4647: checking for gzsetparams in -lz
configure:4672: /home/manuel/lib/emscripten/emcc -o conftest    conftest.c -lz   >&5
configure:4672: $? = 0
configure:4681: result: yes
configure:4684: checking zlib.h usability
configure:4684: /home/manuel/lib/emscripten/emcc -c   conftest.c >&5
configure:4684: $? = 0
configure:4684: result: yes
configure:4684: checking zlib.h presence
configure:4684: /home/manuel/lib/emscripten/emcc -E  conftest.c
configure:4684: $? = 0
configure:4684: result: yes
configure:4684: checking for zlib.h
configure:4684: result: yes
configure:4707: checking for BZ2_bzDecompress in -lbz2
configure:4732: /home/manuel/lib/emscripten/emcc -o conftest    conftest.c -lbz2   >&5
configure:4732: $? = 0
configure:4741: result: yes
configure:4744: checking bzlib.h usability
configure:4744: /home/manuel/lib/emscripten/emcc -c   conftest.c >&5
conftest.c:62:10: fatal error: 'bzlib.h' file not found
#include <bzlib.h>
         ^
1 error generated.
configure:4744: $? = 1
configure: failed program was:
| /* confdefs.h */
| #define PACKAGE_NAME "FreeType"
| #define PACKAGE_TARNAME "freetype"
| #define PACKAGE_VERSION "2.4.11"
| #define PACKAGE_STRING "FreeType 2.4.11"
| #define PACKAGE_BUGREPORT "freetype@nongnu.org"
| #define PACKAGE_URL ""
| #define STDC_HEADERS 1
| #define HAVE_SYS_TYPES_H 1
| #define HAVE_SYS_STAT_H 1
| #define HAVE_STDLIB_H 1
| #define HAVE_STRING_H 1
| #define HAVE_MEMORY_H 1
| #define HAVE_STRINGS_H 1
| #define HAVE_INTTYPES_H 1
| #define HAVE_STDINT_H 1
| #define HAVE_UNISTD_H 1
| #define HAVE_FCNTL_H 1
| #define HAVE_UNISTD_H 1
| #define SIZEOF_INT 4
| #define SIZEOF_LONG 4
| #define HAVE_STDLIB_H 1
| #define HAVE_UNISTD_H 1
| #define HAVE_SYS_PARAM_H 1
| #define HAVE_GETPAGESIZE 1
| #define HAVE_MEMCPY 1
| #define HAVE_MEMMOVE 1
| /* end confdefs.h.  */
| #include <stdio.h>
| #ifdef HAVE_SYS_TYPES_H
| # include <sys/types.h>
| #endif
| #ifdef HAVE_SYS_STAT_H
| # include <sys/stat.h>
| #endif
| #ifdef STDC_HEADERS
| # include <stdlib.h>
| # include <stddef.h>
| #else
| # ifdef HAVE_STDLIB_H
| #  include <stdlib.h>
| # endif
| #endif
| #ifdef HAVE_STRING_H
| # if !defined STDC_HEADERS && defined HAVE_MEMORY_H
| #  include <memory.h>
| # endif
| # include <string.h>
| #endif
| #ifdef HAVE_STRINGS_H
| # include <strings.h>
| #endif
| #ifdef HAVE_INTTYPES_H
| # include <inttypes.h>
| #endif
| #ifdef HAVE_STDINT_H
| # include <stdint.h>
| #endif
| #ifdef HAVE_UNISTD_H
| # include <unistd.h>
| #endif
| #include <bzlib.h>
configure:4744: result: no
configure:4744: checking bzlib.h presence
configure:4744: /home/manuel/lib/emscripten/emcc -E  conftest.c
conftest.c:29:10: fatal error: 'bzlib.h' file not found
#include <bzlib.h>
         ^
1 error generated.
configure:4744: $? = 1
configure: failed program was:
| /* confdefs.h */
| #define PACKAGE_NAME "FreeType"
| #define PACKAGE_TARNAME "freetype"
| #define PACKAGE_VERSION "2.4.11"
| #define PACKAGE_STRING "FreeType 2.4.11"
| #define PACKAGE_BUGREPORT "freetype@nongnu.org"
| #define PACKAGE_URL ""
| #define STDC_HEADERS 1
| #define HAVE_SYS_TYPES_H 1
| #define HAVE_SYS_STAT_H 1
| #define HAVE_STDLIB_H 1
| #define HAVE_STRING_H 1
| #define HAVE_MEMORY_H 1
| #define HAVE_STRINGS_H 1
| #define HAVE_INTTYPES_H 1
| #define HAVE_STDINT_H 1
| #define HAVE_UNISTD_H 1
| #define HAVE_FCNTL_H 1
| #define HAVE_UNISTD_H 1
| #define SIZEOF_INT 4
| #define SIZEOF_LONG 4
| #define HAVE_STDLIB_H 1
| #define HAVE_UNISTD_H 1
| #define HAVE_SYS_PARAM_H 1
| #define HAVE_GETPAGESIZE 1
| #define HAVE_MEMCPY 1
| #define HAVE_MEMMOVE 1
| /* end confdefs.h.  */
| #include <bzlib.h>
configure:4744: result: no
configure:4744: checking for bzlib.h
configure:4744: result: no
configure:5389: checking how to print strings
configure:5416: result: printf
configure:5437: checking for a sed that does not truncate output
configure:5501: result: /bin/sed
configure:5519: checking for fgrep
configure:5581: result: /bin/grep -F
configure:5616: checking for ld used by /home/manuel/lib/emscripten/emcc
configure:5683: result: /home/manuel/lib/emscripten/emcc
configure:5690: checking if the linker (/home/manuel/lib/emscripten/emcc) is GNU ld
configure:5705: result: yes
configure:5717: checking for BSD- or MS-compatible name lister (nm)
configure:5766: result: /usr/bin/nm -B
configure:5896: checking the name lister (/usr/bin/nm -B) interface
configure:5903: /home/manuel/lib/emscripten/emcc -c   conftest.c >&5
configure:5906: /usr/bin/nm -B "conftest.o"
configure:5909: output
00000000 B some_variable
configure:5916: result: BSD nm
configure:5919: checking whether ln -s works
configure:5923: result: yes
configure:5931: checking the maximum length of command line arguments
configure:6061: result: 805306365
configure:6078: checking whether the shell understands some XSI constructs
configure:6088: result: yes
configure:6092: checking whether the shell understands "+="
configure:6098: result: yes
configure:6133: checking how to convert i686-pc-linux-gnu file names to i686-pc-linux-gnu format
configure:6173: result: func_convert_file_noop
configure:6180: checking how to convert i686-pc-linux-gnu file names to toolchain format
configure:6200: result: func_convert_file_noop
configure:6207: checking for /home/manuel/lib/emscripten/emcc option to reload object files
configure:6214: result: -r
configure:6288: checking for objdump
configure:6304: found /usr/bin/objdump
configure:6315: result: objdump
configure:6344: checking how to recognize dependent libraries
configure:6546: result: pass_all
configure:6631: checking for dlltool
configure:6661: result: no
configure:6688: checking how to associate runtime and link libraries
configure:6715: result: printf %s\n
configure:6839: checking for archiver @FILE support
configure:6856: /home/manuel/lib/emscripten/emcc -c   conftest.c >&5
configure:6856: $? = 0
configure:6859: /home/manuel/lib/emscripten/emar cru libconftest.a @conftest.lst >&5
configure:6862: $? = 0
configure:6867: /home/manuel/lib/emscripten/emar cru libconftest.a @conftest.lst >&5
/home/manuel/lib/clang+llvm-3.2-x86-linux-ubuntu-12.04/bin/llvm-ar: File does not exist: conftest.o

configure:6870: $? = 0
configure:6882: result: no
configure:6940: checking for strip
configure:6956: found /usr/bin/strip
configure:6967: result: strip
configure:7039: checking for ranlib
configure:7066: result: /home/manuel/lib/emscripten/emranlib
configure:7143: checking for gawk
configure:7173: result: no
configure:7143: checking for mawk
configure:7159: found /usr/bin/mawk
configure:7170: result: mawk
configure:7210: checking command to parse /usr/bin/nm -B output from /home/manuel/lib/emscripten/emcc object
configure:7330: /home/manuel/lib/emscripten/emcc -c   conftest.c >&5
configure:7333: $? = 0
configure:7337: /usr/bin/nm -B conftest.o \| sed -n -e 's/^.*[ ]\([ABCDGIRSTW][ABCDGIRSTW]*\)[ ][ ]*\([_A-Za-z][_A-Za-z0-9]*\)$/\1 \2 \2/p' | sed '/ __gnu_lto/d' \> conftest.nm
configure:7340: $? = 0
configure:7406: /home/manuel/lib/emscripten/emcc -o conftest    conftest.c conftstm.o >&5
configure:7409: $? = 0
configure:7447: result: ok
configure:7484: checking for sysroot
configure:7514: result: no
configure:7770: checking for mt
configure:7786: found /bin/mt
configure:7797: result: mt
configure:7820: checking if mt is a manifest tool
configure:7826: mt '-?'
configure:7834: result: no
configure:8473: checking for dlfcn.h
configure:8473: /home/manuel/lib/emscripten/emcc -c   conftest.c >&5
configure:8473: $? = 0
configure:8473: result: yes
configure:8977: checking for objdir
configure:8992: result: .libs
configure:9259: checking if /home/manuel/lib/emscripten/emcc supports -fno-rtti -fno-exceptions
configure:9277: /home/manuel/lib/emscripten/emcc -c   -fno-rtti -fno-exceptions conftest.c >&5
configure:9281: $? = 0
configure:9294: result: yes
configure:9621: checking for /home/manuel/lib/emscripten/emcc option to produce PIC
configure:9628: result: -fPIC -DPIC
configure:9636: checking if /home/manuel/lib/emscripten/emcc PIC flag -fPIC -DPIC works
configure:9654: /home/manuel/lib/emscripten/emcc -c   -fPIC -DPIC -DPIC conftest.c >&5
configure:9658: $? = 0
configure:9671: result: yes
configure:9700: checking if /home/manuel/lib/emscripten/emcc static flag -static works
configure:9728: result: yes
configure:9743: checking if /home/manuel/lib/emscripten/emcc supports -c -o file.o
configure:9764: /home/manuel/lib/emscripten/emcc -c   -o out/conftest2.o conftest.c >&5
configure:9768: $? = 0
configure:9790: result: yes
configure:9798: checking if /home/manuel/lib/emscripten/emcc supports -c -o file.o
configure:9845: result: yes
configure:9878: checking whether the /home/manuel/lib/emscripten/emcc linker (/home/manuel/lib/emscripten/emcc) supports shared libraries
configure:11031: result: yes
configure:11068: checking whether -lc should be explicitly linked in
configure:11076: /home/manuel/lib/emscripten/emcc -c   conftest.c >&5
configure:11079: $? = 0
configure:11094: /home/manuel/lib/emscripten/emcc -shared  -fPIC -DPIC conftest.o  -v -Wl,-soname -Wl,conftest -o conftest 2\>\&1 \| /bin/grep  -lc  \>/dev/null 2\>\&1
configure:11097: $? = 0
configure:11111: result: no
configure:11271: checking dynamic linker characteristics
configure:11782: /home/manuel/lib/emscripten/emcc -o conftest    -Wl,-rpath -Wl,/foo conftest.c  >&5
configure:11782: $? = 0
configure:12004: result: GNU/Linux ld.so
configure:12111: checking how to hardcode library paths into programs
configure:12136: result: immediate
configure:12676: checking whether stripping libraries is possible
configure:12681: result: yes
configure:12716: checking if libtool supports shared libraries
configure:12718: result: yes
configure:12721: checking whether to build shared libraries
configure:12742: result: yes
configure:12745: checking whether to build static libraries
configure:12749: result: yes
configure:12938: creating ./config.status

## ---------------------- ##
## Running config.status. ##
## ---------------------- ##

This file was extended by FreeType config.status 2.4.11, which was
generated by GNU Autoconf 2.69.  Invocation command line was

  CONFIG_FILES    = 
  CONFIG_HEADERS  = 
  CONFIG_LINKS    = 
  CONFIG_COMMANDS = 
  $ ./config.status 

on canttouchthis

config.status:1072: creating unix-cc.mk
config.status:1072: creating unix-def.mk
config.status:1072: creating freetype-config
config.status:1072: creating freetype2.pc
config.status:1072: creating ftconfig.h
config.status:1261: executing libtool commands

## ---------------- ##
## Cache variables. ##
## ---------------- ##

ac_cv_build=i686-pc-linux-gnu
ac_cv_c_compiler_gnu=yes
ac_cv_c_const=yes
ac_cv_env_CC_set=set
ac_cv_env_CC_value=/home/manuel/lib/emscripten/emcc
ac_cv_env_CFLAGS_set=set
ac_cv_env_CFLAGS_value=
ac_cv_env_CPPFLAGS_set=
ac_cv_env_CPPFLAGS_value=
ac_cv_env_CPP_set=
ac_cv_env_CPP_value=
ac_cv_env_LDFLAGS_set=
ac_cv_env_LDFLAGS_value=
ac_cv_env_LIBS_set=
ac_cv_env_LIBS_value=
ac_cv_env_build_alias_set=
ac_cv_env_build_alias_value=
ac_cv_env_host_alias_set=
ac_cv_env_host_alias_value=
ac_cv_env_target_alias_set=
ac_cv_env_target_alias_value=
ac_cv_func_getpagesize=yes
ac_cv_func_memcpy=yes
ac_cv_func_memmove=yes
ac_cv_func_mmap_fixed_mapped=no
ac_cv_header_bzlib_h=no
ac_cv_header_dlfcn_h=yes
ac_cv_header_fcntl_h=yes
ac_cv_header_inttypes_h=yes
ac_cv_header_memory_h=yes
ac_cv_header_stdc=yes
ac_cv_header_stdint_h=yes
ac_cv_header_stdlib_h=yes
ac_cv_header_string_h=yes
ac_cv_header_strings_h=yes
ac_cv_header_sys_param_h=yes
ac_cv_header_sys_stat_h=yes
ac_cv_header_sys_types_h=yes
ac_cv_header_unistd_h=yes
ac_cv_header_zlib_h=yes
ac_cv_host=i686-pc-linux-gnu
ac_cv_lib_bz2_BZ2_bzDecompress=yes
ac_cv_lib_z_gzsetparams=yes
ac_cv_objext=o
ac_cv_path_EGREP='/bin/grep -E'
ac_cv_path_FGREP='/bin/grep -F'
ac_cv_path_GREP=/bin/grep
ac_cv_path_SED=/bin/sed
ac_cv_path_install='/usr/bin/install -c'
ac_cv_prog_AWK=mawk
ac_cv_prog_CPP='/home/manuel/lib/emscripten/emcc -E'
ac_cv_prog_RMDIR=rmdir
ac_cv_prog_ac_ct_CC=/home/manuel/lib/emscripten/emcc
ac_cv_prog_ac_ct_MANIFEST_TOOL=mt
ac_cv_prog_ac_ct_OBJDUMP=objdump
ac_cv_prog_ac_ct_RANLIB=/home/manuel/lib/emscripten/emranlib
ac_cv_prog_ac_ct_STRIP=strip
ac_cv_prog_cc_c89=
ac_cv_prog_cc_g=yes
ac_cv_sizeof_int=4
ac_cv_sizeof_long=4
lt_cv_ar_at_file=no
lt_cv_archive_cmds_need_lc=no
lt_cv_deplibs_check_method=pass_all
lt_cv_file_magic_cmd='$MAGIC_CMD'
lt_cv_file_magic_test_file=
lt_cv_ld_reload_flag=-r
lt_cv_nm_interface='BSD nm'
lt_cv_objdir=.libs
lt_cv_path_LD=/home/manuel/lib/emscripten/emcc
lt_cv_path_NM='/usr/bin/nm -B'
lt_cv_path_mainfest_tool=no
lt_cv_prog_compiler_c_o=yes
lt_cv_prog_compiler_pic='-fPIC -DPIC'
lt_cv_prog_compiler_pic_works=yes
lt_cv_prog_compiler_rtti_exceptions=yes
lt_cv_prog_compiler_static_works=yes
lt_cv_prog_gnu_ld=yes
lt_cv_sharedlib_from_linklib_cmd='printf %s\n'
lt_cv_shlibpath_overrides_runpath=no
lt_cv_sys_global_symbol_pipe='sed -n -e '\''s/^.*[	 ]\([ABCDGIRSTW][ABCDGIRSTW]*\)[	 ][	 ]*\([_A-Za-z][_A-Za-z0-9]*\)$/\1 \2 \2/p'\'' | sed '\''/ __gnu_lto/d'\'''
lt_cv_sys_global_symbol_to_c_name_address='sed -n -e '\''s/^: \([^ ]*\)[ ]*$/  {\"\1\", (void *) 0},/p'\'' -e '\''s/^[ABCDGIRSTW]* \([^ ]*\) \([^ ]*\)$/  {"\2", (void *) \&\2},/p'\'''
lt_cv_sys_global_symbol_to_c_name_address_lib_prefix='sed -n -e '\''s/^: \([^ ]*\)[ ]*$/  {\"\1\", (void *) 0},/p'\'' -e '\''s/^[ABCDGIRSTW]* \([^ ]*\) \(lib[^ ]*\)$/  {"\2", (void *) \&\2},/p'\'' -e '\''s/^[ABCDGIRSTW]* \([^ ]*\) \([^ ]*\)$/  {"lib\2", (void *) \&\2},/p'\'''
lt_cv_sys_global_symbol_to_cdecl='sed -n -e '\''s/^T .* \(.*\)$/extern int \1();/p'\'' -e '\''s/^[ABCDGIRSTW]* .* \(.*\)$/extern char \1;/p'\'''
lt_cv_sys_max_cmd_len=805306365
lt_cv_to_host_file_cmd=func_convert_file_noop
lt_cv_to_tool_file_cmd=func_convert_file_noop

## ----------------- ##
## Output variables. ##
## ----------------- ##

AR='/home/manuel/lib/emscripten/emar'
AS='as'
AWK='mawk'
CC='/home/manuel/lib/emscripten/emcc'
CC_BUILD='/home/manuel/lib/emscripten/emcc'
CFLAGS=' -DFT_CONFIG_OPTION_SYSTEM_ZLIB'
CPP='/home/manuel/lib/emscripten/emcc -E'
CPPFLAGS=''
DEFS='-DHAVE_CONFIG_H'
DLLTOOL='false'
DSYMUTIL=''
DUMPBIN=''
ECHO_C=''
ECHO_N='-n'
ECHO_T=''
EGREP='/bin/grep -E'
EXEEXT=''
EXEEXT_BUILD=''
FGREP='/bin/grep -F'
FT2_EXTRA_LIBS=''
FTSYS_SRC='$(BASE_DIR)/ftsystem.c'
GREP='/bin/grep'
INSTALL_DATA='${INSTALL} -m 644'
INSTALL_PROGRAM='${INSTALL}'
INSTALL_SCRIPT='${INSTALL}'
LD='/home/manuel/lib/emscripten/emcc'
LDFLAGS=' -lz'
LIBBZ2=''
LIBOBJS=''
LIBS=''
LIBTOOL='$(SHELL) $(top_builddir)/libtool'
LIBZ='-lz'
LIPO=''
LN_S='ln -s'
LTLIBOBJS=''
MANIFEST_TOOL=':'
NM='/usr/bin/nm -B'
NMEDIT=''
OBJDUMP='objdump'
OBJEXT='o'
OTOOL64=''
OTOOL=''
PACKAGE_BUGREPORT='freetype@nongnu.org'
PACKAGE_NAME='FreeType'
PACKAGE_STRING='FreeType 2.4.11'
PACKAGE_TARNAME='freetype'
PACKAGE_URL=''
PACKAGE_VERSION='2.4.11'
PATH_SEPARATOR=':'
RANLIB='/home/manuel/lib/emscripten/emranlib'
RMDIR='rmdir'
SED='/bin/sed'
SHELL='/bin/bash'
STRIP='strip'
SYSTEM_ZLIB='yes'
XX_ANSIFLAGS=' -pedantic -ansi'
XX_CFLAGS='-Wall'
ac_ct_AR=''
ac_ct_CC='/home/manuel/lib/emscripten/emcc'
ac_ct_DUMPBIN=''
bindir='${exec_prefix}/bin'
build='i686-pc-linux-gnu'
build_alias=''
build_cpu='i686'
build_libtool_libs=''
build_os='linux-gnu'
build_vendor='pc'
datadir='${datarootdir}'
datarootdir='${prefix}/share'
docdir='${datarootdir}/doc/${PACKAGE_TARNAME}'
dvidir='${docdir}'
exec_prefix='${prefix}'
ft_version='16.0.10'
ftmac_c=''
hardcode_libdir_flag_spec='${wl}-rpath ${wl}$libdir'
host='i686-pc-linux-gnu'
host_alias=''
host_cpu='i686'
host_os='linux-gnu'
host_vendor='pc'
htmldir='${docdir}'
includedir='${prefix}/include'
infodir='${datarootdir}/info'
libdir='${exec_prefix}/lib'
libexecdir='${exec_prefix}/libexec'
localedir='${datarootdir}/locale'
localstatedir='${prefix}/var'
mandir='${datarootdir}/man'
oldincludedir='/usr/include'
pdfdir='${docdir}'
prefix='/usr/local'
program_transform_name='s,x,x,'
psdir='${docdir}'
sbindir='${exec_prefix}/sbin'
sharedstatedir='${prefix}/com'
sysconfdir='${prefix}/etc'
target_alias=''
version_info='16:0:10'
wl='-Wl,'

## ----------- ##
## confdefs.h. ##
## ----------- ##

/* confdefs.h */
#define PACKAGE_NAME "FreeType"
#define PACKAGE_TARNAME "freetype"
#define PACKAGE_VERSION "2.4.11"
#define PACKAGE_STRING "FreeType 2.4.11"
#define PACKAGE_BUGREPORT "freetype@nongnu.org"
#define PACKAGE_URL ""
#define STDC_HEADERS 1
#define HAVE_SYS_TYPES_H 1
#define HAVE_SYS_STAT_H 1
#define HAVE_STDLIB_H 1
#define HAVE_STRING_H 1
#define HAVE_MEMORY_H 1
#define HAVE_STRINGS_H 1
#define HAVE_INTTYPES_H 1
#define HAVE_STDINT_H 1
#define HAVE_UNISTD_H 1
#define HAVE_FCNTL_H 1
#define HAVE_UNISTD_H 1
#define SIZEOF_INT 4
#define SIZEOF_LONG 4
#define HAVE_STDLIB_H 1
#define HAVE_UNISTD_H 1
#define HAVE_SYS_PARAM_H 1
#define HAVE_GETPAGESIZE 1
#define HAVE_MEMCPY 1
#define HAVE_MEMMOVE 1
#define HAVE_DLFCN_H 1
#define LT_OBJDIR ".libs/"

configure: exit 0
